Lab2/app/build/intermediates/manifest_merge_blame_file/debug/manifest-merger-blame-debug-report.txt
1<?xml version="1.0" encoding="utf-8"?>
2<manifest xmlns:android="http://schemas.android.com/apk/res/android"
3    package="com.example.tabatatimer"
4    android:versionCode="1"
5    android:versionName="1.0" >
6
7    <uses-sdk
8        android:minSdkVersion="24"
8-->src\main\AndroidManifest.xml
9        android:targetSdkVersion="30" />
9-->src\main\AndroidManifest.xml
10
11    <application
11-->src\main\AndroidManifest.xml:5:5-32:19
12        android:allowBackup="true"
12-->src\main\AndroidManifest.xml:6:9-35
13        android:appComponentFactory="androidx.core.app.CoreComponentFactory"
13-->[androidx.core:core:1.3.2] AndroidManifest.xml:24:18-86
14        android:debuggable="true"
15        android:extractNativeLibs="false"
16        android:icon="@mipmap/ic_launcher"
16-->src\main\AndroidManifest.xml:7:9-43
17        android:label="@string/app_name"
17-->src\main\AndroidManifest.xml:8:9-41
18        android:roundIcon="@mipmap/ic_launcher_round"
18-->src\main\AndroidManifest.xml:9:9-54
19        android:supportsRtl="true"
19-->src\main\AndroidManifest.xml:10:9-35
20        android:testOnly="true"
21        android:theme="@style/Theme.TabataTimer" >
21-->src\main\AndroidManifest.xml:11:9-49
22        <activity android:name="com.example.tabatatimer.TimerActivity" />
22-->src\main\AndroidManifest.xml:12:9-60
22-->src\main\AndroidManifest.xml:12:19-48
23
24        <service
24-->src\main\AndroidManifest.xml:14:9-17:39
25            android:name="com.example.tabatatimer.TimerService"
25-->src\main\AndroidManifest.xml:15:13-41
26            android:enabled="true"
26-->src\main\AndroidManifest.xml:16:13-35
27            android:exported="true" />
27-->src\main\AndroidManifest.xml:17:13-36
28
29        <activity android:name="com.example.tabatatimer.PreferenceActivity" />
29-->src\main\AndroidManifest.xml:19:9-56
29-->src\main\AndroidManifest.xml:19:19-53
30        <activity android:name="com.example.tabatatimer.SplashScreen" >
30-->src\main\AndroidManifest.xml:20:9-26:20
30-->src\main\AndroidManifest.xml:20:19-47
31            <intent-filter>
31-->src\main\AndroidManifest.xml:21:13-25:29
32                <action android:name="android.intent.action.MAIN" />
32-->src\main\AndroidManifest.xml:22:17-69
32-->src\main\AndroidManifest.xml:22:25-66
33
34                <category android:name="android.intent.category.LAUNCHER" />
34-->src\main\AndroidManifest.xml:24:17-77
34-->src\main\AndroidManifest.xml:24:27-74
35            </intent-filter>
36        </activity>
37        <activity android:name="com.example.tabatatimer.PhaseActivity" />
37-->src\main\AndroidManifest.xml:27:9-51
37-->src\main\AndroidManifest.xml:27:19-48
38        <activity android:name="com.example.tabatatimer.EditActivity" />
38-->src\main\AndroidManifest.xml:28:9-50
38-->src\main\AndroidManifest.xml:28:19-47
39        <activity android:name="com.example.tabatatimer.ItemActivity" />
39-->src\main\AndroidManifest.xml:29:9-50
39-->src\main\AndroidManifest.xml:29:19-47
40        <activity android:name="com.example.tabatatimer.CreateActivity" />
40-->src\main\AndroidManifest.xml:30:9-52
40-->src\main\AndroidManifest.xml:30:19-49
41        <activity android:name="com.example.tabatatimer.MainActivity" />
41-->src\main\AndroidManifest.xml:31:9-50
41-->src\main\AndroidManifest.xml:31:19-47
42    </application>
43
44</manifest>